[debug] [2021-03-31T17:36:14.066Z] ----------------------------------------------------------------------
[debug] [2021-03-31T17:36:14.070Z] Command:       /home/freakyharsh/.nvm/versions/node/v15.3.0/bin/node /home/freakyharsh/.nvm/versions/node/v15.3.0/bin/firebase init
[debug] [2021-03-31T17:36:14.071Z] CLI Version:   9.1.0
[debug] [2021-03-31T17:36:14.071Z] Platform:      linux
[debug] [2021-03-31T17:36:14.071Z] Node Version:  v15.3.0
[debug] [2021-03-31T17:36:14.100Z] Time:          Wed Mar 31 2021 23:06:14 GMT+0530 (India Standard Time)
[debug] [2021-03-31T17:36:14.101Z] ----------------------------------------------------------------------
[debug] [2021-03-31T17:36:14.101Z] 
[debug] [2021-03-31T17:36:14.114Z] >>> [apiv2][query] GET https://firebase-public.firebaseio.com/cli.json [none]
[debug] [2021-03-31T17:36:14.157Z] > command requires scopes: ["email","openid","https://www.googleapis.com/auth/cloudplatformprojects.readonly","https://www.googleapis.com/auth/firebase","https://www.googleapis.com/auth/cloud-platform"]
[debug] [2021-03-31T17:36:14.158Z] > authorizing via signed-in user
[info] 
     ######## #### ########  ######## ########     ###     ######  ########
     ##        ##  ##     ## ##       ##     ##  ##   ##  ##       ##
     ######    ##  ########  ######   ########  #########  ######  ######
     ##        ##  ##    ##  ##       ##     ## ##     ##       ## ##
     ##       #### ##     ## ######## ########  ##     ##  ######  ########

You're about to initialize a Firebase project in this directory:

  /home/freakyharsh/Desktop/eatright

[debug] [2021-03-31T17:36:20.018Z] <<< [apiv2][status] GET https://firebase-public.firebaseio.com/cli.json 200
[debug] [2021-03-31T17:36:20.019Z] <<< [apiv2][body] GET https://firebase-public.firebaseio.com/cli.json {"cloudBuildErrorAfter":1594252800000,"cloudBuildWarnAfter":1590019200000,"defaultNode10After":1594252800000,"minVersion":"3.0.5","node8DeploysDisabledAfter":1613390400000,"node8RuntimeDisabledAfter":1615809600000,"node8WarnAfter":1600128000000}
